have_func: checking for rb_gc_stat()... -------------------- no

"gcc -o conftest -I/Users/Ruben/.rbenv/versions/1.9.3-p429/include/ruby-1.9.1/x86_64-darwin11.4.2 -I/Users/Ruben/.rbenv/versions/1.9.3-p429/include/ruby-1.9.1/ruby/backward -I/Users/Ruben/.rbenv/versions/1.9.3-p429/include/ruby-1.9.1 -I. -I'/Users/Ruben/.rbenv/versions/1.9.3-p429/include'  -D_XOPEN_SOURCE -D_DARWIN_C_SOURCE  -I'/Users/Ruben/.rbenv/versions/1.9.3-p429/include'   -O3 -Wno-error=shorten-64-to-32  -pipe conftest.c  -L. -L/Users/Ruben/.rbenv/versions/1.9.3-p429/lib -L. -L'/Users/Ruben/.rbenv/versions/1.9.3-p429/lib'      -lruby-static  -lpthread -ldl -lobjc "
checked program was:
/* begin */
1: #include "ruby.h"
2: 
3: int main(int argc, char **argv)
4: {
5:   return 0;
6: }
/* end */

"gcc -o conftest -I/Users/Ruben/.rbenv/versions/1.9.3-p429/include/ruby-1.9.1/x86_64-darwin11.4.2 -I/Users/Ruben/.rbenv/versions/1.9.3-p429/include/ruby-1.9.1/ruby/backward -I/Users/Ruben/.rbenv/versions/1.9.3-p429/include/ruby-1.9.1 -I. -I'/Users/Ruben/.rbenv/versions/1.9.3-p429/include'  -D_XOPEN_SOURCE -D_DARWIN_C_SOURCE  -I'/Users/Ruben/.rbenv/versions/1.9.3-p429/include'   -O3 -Wno-error=shorten-64-to-32  -pipe conftest.c  -L. -L/Users/Ruben/.rbenv/versions/1.9.3-p429/lib -L. -L'/Users/Ruben/.rbenv/versions/1.9.3-p429/lib'      -lruby-static  -lpthread -ldl -lobjc "
conftest.c: In function ‘t’:
conftest.c:4: error: ‘rb_gc_stat’ undeclared (first use in this function)
conftest.c:4: error: (Each undeclared identifier is reported only once
conftest.c:4: error: for each function it appears in.)
checked program was:
/* begin */
 1: #include "ruby.h"
 2: 
 3: /*top*/
 4: int t() { void ((*volatile p)()); p = (void ((*)()))rb_gc_stat; return 0; }
 5: int main(int argc, char **argv)
 6: {
 7:   if (argc > 1000000) {
 8:     printf("%p", &t);
 9:   }
10: 
11:   return 0;
12: }
/* end */

"gcc -o conftest -I/Users/Ruben/.rbenv/versions/1.9.3-p429/include/ruby-1.9.1/x86_64-darwin11.4.2 -I/Users/Ruben/.rbenv/versions/1.9.3-p429/include/ruby-1.9.1/ruby/backward -I/Users/Ruben/.rbenv/versions/1.9.3-p429/include/ruby-1.9.1 -I. -I'/Users/Ruben/.rbenv/versions/1.9.3-p429/include'  -D_XOPEN_SOURCE -D_DARWIN_C_SOURCE  -I'/Users/Ruben/.rbenv/versions/1.9.3-p429/include'   -O3 -Wno-error=shorten-64-to-32  -pipe conftest.c  -L. -L/Users/Ruben/.rbenv/versions/1.9.3-p429/lib -L. -L'/Users/Ruben/.rbenv/versions/1.9.3-p429/lib'      -lruby-static  -lpthread -ldl -lobjc "
Undefined symbols for architecture x86_64:
  "_rb_gc_stat", referenced from:
      _t in ccpSgwhw.o
ld: symbol(s) not found for architecture x86_64
collect2: ld returned 1 exit status
checked program was:
/* begin */
 1: #include "ruby.h"
 2: 
 3: /*top*/
 4: int t() { rb_gc_stat(); return 0; }
 5: int main(int argc, char **argv)
 6: {
 7:   if (argc > 1000000) {
 8:     printf("%p", &t);
 9:   }
10: 
11:   return 0;
12: }
/* end */

--------------------

have_func: checking for rb_gc_count()... -------------------- no

"gcc -o conftest -I/Users/Ruben/.rbenv/versions/1.9.3-p429/include/ruby-1.9.1/x86_64-darwin11.4.2 -I/Users/Ruben/.rbenv/versions/1.9.3-p429/include/ruby-1.9.1/ruby/backward -I/Users/Ruben/.rbenv/versions/1.9.3-p429/include/ruby-1.9.1 -I. -I'/Users/Ruben/.rbenv/versions/1.9.3-p429/include'  -D_XOPEN_SOURCE -D_DARWIN_C_SOURCE  -I'/Users/Ruben/.rbenv/versions/1.9.3-p429/include'   -O3 -Wno-error=shorten-64-to-32  -pipe conftest.c  -L. -L/Users/Ruben/.rbenv/versions/1.9.3-p429/lib -L. -L'/Users/Ruben/.rbenv/versions/1.9.3-p429/lib'      -lruby-static  -lpthread -ldl -lobjc "
conftest.c: In function ‘t’:
conftest.c:4: error: ‘rb_gc_count’ undeclared (first use in this function)
conftest.c:4: error: (Each undeclared identifier is reported only once
conftest.c:4: error: for each function it appears in.)
checked program was:
/* begin */
 1: #include "ruby.h"
 2: 
 3: /*top*/
 4: int t() { void ((*volatile p)()); p = (void ((*)()))rb_gc_count; return 0; }
 5: int main(int argc, char **argv)
 6: {
 7:   if (argc > 1000000) {
 8:     printf("%p", &t);
 9:   }
10: 
11:   return 0;
12: }
/* end */

"gcc -o conftest -I/Users/Ruben/.rbenv/versions/1.9.3-p429/include/ruby-1.9.1/x86_64-darwin11.4.2 -I/Users/Ruben/.rbenv/versions/1.9.3-p429/include/ruby-1.9.1/ruby/backward -I/Users/Ruben/.rbenv/versions/1.9.3-p429/include/ruby-1.9.1 -I. -I'/Users/Ruben/.rbenv/versions/1.9.3-p429/include'  -D_XOPEN_SOURCE -D_DARWIN_C_SOURCE  -I'/Users/Ruben/.rbenv/versions/1.9.3-p429/include'   -O3 -Wno-error=shorten-64-to-32  -pipe conftest.c  -L. -L/Users/Ruben/.rbenv/versions/1.9.3-p429/lib -L. -L'/Users/Ruben/.rbenv/versions/1.9.3-p429/lib'      -lruby-static  -lpthread -ldl -lobjc "
Undefined symbols for architecture x86_64:
  "_rb_gc_count", referenced from:
      _t in cc8BRXOC.o
ld: symbol(s) not found for architecture x86_64
collect2: ld returned 1 exit status
checked program was:
/* begin */
 1: #include "ruby.h"
 2: 
 3: /*top*/
 4: int t() { rb_gc_count(); return 0; }
 5: int main(int argc, char **argv)
 6: {
 7:   if (argc > 1000000) {
 8:     printf("%p", &t);
 9:   }
10: 
11:   return 0;
12: }
/* end */

--------------------

have_func: checking for rb_os_allocated_objects()... -------------------- no

"gcc -o conftest -I/Users/Ruben/.rbenv/versions/1.9.3-p429/include/ruby-1.9.1/x86_64-darwin11.4.2 -I/Users/Ruben/.rbenv/versions/1.9.3-p429/include/ruby-1.9.1/ruby/backward -I/Users/Ruben/.rbenv/versions/1.9.3-p429/include/ruby-1.9.1 -I. -I'/Users/Ruben/.rbenv/versions/1.9.3-p429/include'  -D_XOPEN_SOURCE -D_DARWIN_C_SOURCE  -I'/Users/Ruben/.rbenv/versions/1.9.3-p429/include'   -O3 -Wno-error=shorten-64-to-32  -pipe conftest.c  -L. -L/Users/Ruben/.rbenv/versions/1.9.3-p429/lib -L. -L'/Users/Ruben/.rbenv/versions/1.9.3-p429/lib'      -lruby-static  -lpthread -ldl -lobjc "
conftest.c: In function ‘t’:
conftest.c:4: error: ‘rb_os_allocated_objects’ undeclared (first use in this function)
conftest.c:4: error: (Each undeclared identifier is reported only once
conftest.c:4: error: for each function it appears in.)
checked program was:
/* begin */
 1: #include "ruby.h"
 2: 
 3: /*top*/
 4: int t() { void ((*volatile p)()); p = (void ((*)()))rb_os_allocated_objects; return 0; }
 5: int main(int argc, char **argv)
 6: {
 7:   if (argc > 1000000) {
 8:     printf("%p", &t);
 9:   }
10: 
11:   return 0;
12: }
/* end */

"gcc -o conftest -I/Users/Ruben/.rbenv/versions/1.9.3-p429/include/ruby-1.9.1/x86_64-darwin11.4.2 -I/Users/Ruben/.rbenv/versions/1.9.3-p429/include/ruby-1.9.1/ruby/backward -I/Users/Ruben/.rbenv/versions/1.9.3-p429/include/ruby-1.9.1 -I. -I'/Users/Ruben/.rbenv/versions/1.9.3-p429/include'  -D_XOPEN_SOURCE -D_DARWIN_C_SOURCE  -I'/Users/Ruben/.rbenv/versions/1.9.3-p429/include'   -O3 -Wno-error=shorten-64-to-32  -pipe conftest.c  -L. -L/Users/Ruben/.rbenv/versions/1.9.3-p429/lib -L. -L'/Users/Ruben/.rbenv/versions/1.9.3-p429/lib'      -lruby-static  -lpthread -ldl -lobjc "
Undefined symbols for architecture x86_64:
  "_rb_os_allocated_objects", referenced from:
      _t in ccvPOUaK.o
ld: symbol(s) not found for architecture x86_64
collect2: ld returned 1 exit status
checked program was:
/* begin */
 1: #include "ruby.h"
 2: 
 3: /*top*/
 4: int t() { rb_os_allocated_objects(); return 0; }
 5: int main(int argc, char **argv)
 6: {
 7:   if (argc > 1000000) {
 8:     printf("%p", &t);
 9:   }
10: 
11:   return 0;
12: }
/* end */

--------------------

have_func: checking for rb_gc_allocated_size()... -------------------- no

"gcc -o conftest -I/Users/Ruben/.rbenv/versions/1.9.3-p429/include/ruby-1.9.1/x86_64-darwin11.4.2 -I/Users/Ruben/.rbenv/versions/1.9.3-p429/include/ruby-1.9.1/ruby/backward -I/Users/Ruben/.rbenv/versions/1.9.3-p429/include/ruby-1.9.1 -I. -I'/Users/Ruben/.rbenv/versions/1.9.3-p429/include'  -D_XOPEN_SOURCE -D_DARWIN_C_SOURCE  -I'/Users/Ruben/.rbenv/versions/1.9.3-p429/include'   -O3 -Wno-error=shorten-64-to-32  -pipe conftest.c  -L. -L/Users/Ruben/.rbenv/versions/1.9.3-p429/lib -L. -L'/Users/Ruben/.rbenv/versions/1.9.3-p429/lib'      -lruby-static  -lpthread -ldl -lobjc "
conftest.c: In function ‘t’:
conftest.c:4: error: ‘rb_gc_allocated_size’ undeclared (first use in this function)
conftest.c:4: error: (Each undeclared identifier is reported only once
conftest.c:4: error: for each function it appears in.)
checked program was:
/* begin */
 1: #include "ruby.h"
 2: 
 3: /*top*/
 4: int t() { void ((*volatile p)()); p = (void ((*)()))rb_gc_allocated_size; return 0; }
 5: int main(int argc, char **argv)
 6: {
 7:   if (argc > 1000000) {
 8:     printf("%p", &t);
 9:   }
10: 
11:   return 0;
12: }
/* end */

"gcc -o conftest -I/Users/Ruben/.rbenv/versions/1.9.3-p429/include/ruby-1.9.1/x86_64-darwin11.4.2 -I/Users/Ruben/.rbenv/versions/1.9.3-p429/include/ruby-1.9.1/ruby/backward -I/Users/Ruben/.rbenv/versions/1.9.3-p429/include/ruby-1.9.1 -I. -I'/Users/Ruben/.rbenv/versions/1.9.3-p429/include'  -D_XOPEN_SOURCE -D_DARWIN_C_SOURCE  -I'/Users/Ruben/.rbenv/versions/1.9.3-p429/include'   -O3 -Wno-error=shorten-64-to-32  -pipe conftest.c  -L. -L/Users/Ruben/.rbenv/versions/1.9.3-p429/lib -L. -L'/Users/Ruben/.rbenv/versions/1.9.3-p429/lib'      -lruby-static  -lpthread -ldl -lobjc "
Undefined symbols for architecture x86_64:
  "_rb_gc_allocated_size", referenced from:
      _t in ccmWKNqO.o
ld: symbol(s) not found for architecture x86_64
collect2: ld returned 1 exit status
checked program was:
/* begin */
 1: #include "ruby.h"
 2: 
 3: /*top*/
 4: int t() { rb_gc_allocated_size(); return 0; }
 5: int main(int argc, char **argv)
 6: {
 7:   if (argc > 1000000) {
 8:     printf("%p", &t);
 9:   }
10: 
11:   return 0;
12: }
/* end */

--------------------

have_func: checking for rb_gc_collections()... -------------------- no

"gcc -o conftest -I/Users/Ruben/.rbenv/versions/1.9.3-p429/include/ruby-1.9.1/x86_64-darwin11.4.2 -I/Users/Ruben/.rbenv/versions/1.9.3-p429/include/ruby-1.9.1/ruby/backward -I/Users/Ruben/.rbenv/versions/1.9.3-p429/include/ruby-1.9.1 -I. -I'/Users/Ruben/.rbenv/versions/1.9.3-p429/include'  -D_XOPEN_SOURCE -D_DARWIN_C_SOURCE  -I'/Users/Ruben/.rbenv/versions/1.9.3-p429/include'   -O3 -Wno-error=shorten-64-to-32  -pipe conftest.c  -L. -L/Users/Ruben/.rbenv/versions/1.9.3-p429/lib -L. -L'/Users/Ruben/.rbenv/versions/1.9.3-p429/lib'      -lruby-static  -lpthread -ldl -lobjc "
conftest.c: In function ‘t’:
conftest.c:4: error: ‘rb_gc_collections’ undeclared (first use in this function)
conftest.c:4: error: (Each undeclared identifier is reported only once
conftest.c:4: error: for each function it appears in.)
checked program was:
/* begin */
 1: #include "ruby.h"
 2: 
 3: /*top*/
 4: int t() { void ((*volatile p)()); p = (void ((*)()))rb_gc_collections; return 0; }
 5: int main(int argc, char **argv)
 6: {
 7:   if (argc > 1000000) {
 8:     printf("%p", &t);
 9:   }
10: 
11:   return 0;
12: }
/* end */

"gcc -o conftest -I/Users/Ruben/.rbenv/versions/1.9.3-p429/include/ruby-1.9.1/x86_64-darwin11.4.2 -I/Users/Ruben/.rbenv/versions/1.9.3-p429/include/ruby-1.9.1/ruby/backward -I/Users/Ruben/.rbenv/versions/1.9.3-p429/include/ruby-1.9.1 -I. -I'/Users/Ruben/.rbenv/versions/1.9.3-p429/include'  -D_XOPEN_SOURCE -D_DARWIN_C_SOURCE  -I'/Users/Ruben/.rbenv/versions/1.9.3-p429/include'   -O3 -Wno-error=shorten-64-to-32  -pipe conftest.c  -L. -L/Users/Ruben/.rbenv/versions/1.9.3-p429/lib -L. -L'/Users/Ruben/.rbenv/versions/1.9.3-p429/lib'      -lruby-static  -lpthread -ldl -lobjc "
Undefined symbols for architecture x86_64:
  "_rb_gc_collections", referenced from:
      _t in cchtZt8V.o
ld: symbol(s) not found for architecture x86_64
collect2: ld returned 1 exit status
checked program was:
/* begin */
 1: #include "ruby.h"
 2: 
 3: /*top*/
 4: int t() { rb_gc_collections(); return 0; }
 5: int main(int argc, char **argv)
 6: {
 7:   if (argc > 1000000) {
 8:     printf("%p", &t);
 9:   }
10: 
11:   return 0;
12: }
/* end */

--------------------

have_func: checking for rb_gc_time()... -------------------- no

"gcc -o conftest -I/Users/Ruben/.rbenv/versions/1.9.3-p429/include/ruby-1.9.1/x86_64-darwin11.4.2 -I/Users/Ruben/.rbenv/versions/1.9.3-p429/include/ruby-1.9.1/ruby/backward -I/Users/Ruben/.rbenv/versions/1.9.3-p429/include/ruby-1.9.1 -I. -I'/Users/Ruben/.rbenv/versions/1.9.3-p429/include'  -D_XOPEN_SOURCE -D_DARWIN_C_SOURCE  -I'/Users/Ruben/.rbenv/versions/1.9.3-p429/include'   -O3 -Wno-error=shorten-64-to-32  -pipe conftest.c  -L. -L/Users/Ruben/.rbenv/versions/1.9.3-p429/lib -L. -L'/Users/Ruben/.rbenv/versions/1.9.3-p429/lib'      -lruby-static  -lpthread -ldl -lobjc "
conftest.c: In function ‘t’:
conftest.c:4: error: ‘rb_gc_time’ undeclared (first use in this function)
conftest.c:4: error: (Each undeclared identifier is reported only once
conftest.c:4: error: for each function it appears in.)
checked program was:
/* begin */
 1: #include "ruby.h"
 2: 
 3: /*top*/
 4: int t() { void ((*volatile p)()); p = (void ((*)()))rb_gc_time; return 0; }
 5: int main(int argc, char **argv)
 6: {
 7:   if (argc > 1000000) {
 8:     printf("%p", &t);
 9:   }
10: 
11:   return 0;
12: }
/* end */

"gcc -o conftest -I/Users/Ruben/.rbenv/versions/1.9.3-p429/include/ruby-1.9.1/x86_64-darwin11.4.2 -I/Users/Ruben/.rbenv/versions/1.9.3-p429/include/ruby-1.9.1/ruby/backward -I/Users/Ruben/.rbenv/versions/1.9.3-p429/include/ruby-1.9.1 -I. -I'/Users/Ruben/.rbenv/versions/1.9.3-p429/include'  -D_XOPEN_SOURCE -D_DARWIN_C_SOURCE  -I'/Users/Ruben/.rbenv/versions/1.9.3-p429/include'   -O3 -Wno-error=shorten-64-to-32  -pipe conftest.c  -L. -L/Users/Ruben/.rbenv/versions/1.9.3-p429/lib -L. -L'/Users/Ruben/.rbenv/versions/1.9.3-p429/lib'      -lruby-static  -lpthread -ldl -lobjc "
Undefined symbols for architecture x86_64:
  "_rb_gc_time", referenced from:
      _t in ccVRIRLw.o
ld: symbol(s) not found for architecture x86_64
collect2: ld returned 1 exit status
checked program was:
/* begin */
 1: #include "ruby.h"
 2: 
 3: /*top*/
 4: int t() { rb_gc_time(); return 0; }
 5: int main(int argc, char **argv)
 6: {
 7:   if (argc > 1000000) {
 8:     printf("%p", &t);
 9:   }
10: 
11:   return 0;
12: }
/* end */

--------------------

have_func: checking for rb_gc_total_time()... -------------------- no

"gcc -o conftest -I/Users/Ruben/.rbenv/versions/1.9.3-p429/include/ruby-1.9.1/x86_64-darwin11.4.2 -I/Users/Ruben/.rbenv/versions/1.9.3-p429/include/ruby-1.9.1/ruby/backward -I/Users/Ruben/.rbenv/versions/1.9.3-p429/include/ruby-1.9.1 -I. -I'/Users/Ruben/.rbenv/versions/1.9.3-p429/include'  -D_XOPEN_SOURCE -D_DARWIN_C_SOURCE  -I'/Users/Ruben/.rbenv/versions/1.9.3-p429/include'   -O3 -Wno-error=shorten-64-to-32  -pipe conftest.c  -L. -L/Users/Ruben/.rbenv/versions/1.9.3-p429/lib -L. -L'/Users/Ruben/.rbenv/versions/1.9.3-p429/lib'      -lruby-static  -lpthread -ldl -lobjc "
conftest.c: In function ‘t’:
conftest.c:4: error: ‘rb_gc_total_time’ undeclared (first use in this function)
conftest.c:4: error: (Each undeclared identifier is reported only once
conftest.c:4: error: for each function it appears in.)
checked program was:
/* begin */
 1: #include "ruby.h"
 2: 
 3: /*top*/
 4: int t() { void ((*volatile p)()); p = (void ((*)()))rb_gc_total_time; return 0; }
 5: int main(int argc, char **argv)
 6: {
 7:   if (argc > 1000000) {
 8:     printf("%p", &t);
 9:   }
10: 
11:   return 0;
12: }
/* end */

"gcc -o conftest -I/Users/Ruben/.rbenv/versions/1.9.3-p429/include/ruby-1.9.1/x86_64-darwin11.4.2 -I/Users/Ruben/.rbenv/versions/1.9.3-p429/include/ruby-1.9.1/ruby/backward -I/Users/Ruben/.rbenv/versions/1.9.3-p429/include/ruby-1.9.1 -I. -I'/Users/Ruben/.rbenv/versions/1.9.3-p429/include'  -D_XOPEN_SOURCE -D_DARWIN_C_SOURCE  -I'/Users/Ruben/.rbenv/versions/1.9.3-p429/include'   -O3 -Wno-error=shorten-64-to-32  -pipe conftest.c  -L. -L/Users/Ruben/.rbenv/versions/1.9.3-p429/lib -L. -L'/Users/Ruben/.rbenv/versions/1.9.3-p429/lib'      -lruby-static  -lpthread -ldl -lobjc "
Undefined symbols for architecture x86_64:
  "_rb_gc_total_time", referenced from:
      _t in cclXcrKp.o
ld: symbol(s) not found for architecture x86_64
collect2: ld returned 1 exit status
checked program was:
/* begin */
 1: #include "ruby.h"
 2: 
 3: /*top*/
 4: int t() { rb_gc_total_time(); return 0; }
 5: int main(int argc, char **argv)
 6: {
 7:   if (argc > 1000000) {
 8:     printf("%p", &t);
 9:   }
10: 
11:   return 0;
12: }
/* end */

--------------------

have_func: checking for rb_gc_total_mallocs()... -------------------- no

"gcc -o conftest -I/Users/Ruben/.rbenv/versions/1.9.3-p429/include/ruby-1.9.1/x86_64-darwin11.4.2 -I/Users/Ruben/.rbenv/versions/1.9.3-p429/include/ruby-1.9.1/ruby/backward -I/Users/Ruben/.rbenv/versions/1.9.3-p429/include/ruby-1.9.1 -I. -I'/Users/Ruben/.rbenv/versions/1.9.3-p429/include'  -D_XOPEN_SOURCE -D_DARWIN_C_SOURCE  -I'/Users/Ruben/.rbenv/versions/1.9.3-p429/include'   -O3 -Wno-error=shorten-64-to-32  -pipe conftest.c  -L. -L/Users/Ruben/.rbenv/versions/1.9.3-p429/lib -L. -L'/Users/Ruben/.rbenv/versions/1.9.3-p429/lib'      -lruby-static  -lpthread -ldl -lobjc "
conftest.c: In function ‘t’:
conftest.c:4: error: ‘rb_gc_total_mallocs’ undeclared (first use in this function)
conftest.c:4: error: (Each undeclared identifier is reported only once
conftest.c:4: error: for each function it appears in.)
checked program was:
/* begin */
 1: #include "ruby.h"
 2: 
 3: /*top*/
 4: int t() { void ((*volatile p)()); p = (void ((*)()))rb_gc_total_mallocs; return 0; }
 5: int main(int argc, char **argv)
 6: {
 7:   if (argc > 1000000) {
 8:     printf("%p", &t);
 9:   }
10: 
11:   return 0;
12: }
/* end */

"gcc -o conftest -I/Users/Ruben/.rbenv/versions/1.9.3-p429/include/ruby-1.9.1/x86_64-darwin11.4.2 -I/Users/Ruben/.rbenv/versions/1.9.3-p429/include/ruby-1.9.1/ruby/backward -I/Users/Ruben/.rbenv/versions/1.9.3-p429/include/ruby-1.9.1 -I. -I'/Users/Ruben/.rbenv/versions/1.9.3-p429/include'  -D_XOPEN_SOURCE -D_DARWIN_C_SOURCE  -I'/Users/Ruben/.rbenv/versions/1.9.3-p429/include'   -O3 -Wno-error=shorten-64-to-32  -pipe conftest.c  -L. -L/Users/Ruben/.rbenv/versions/1.9.3-p429/lib -L. -L'/Users/Ruben/.rbenv/versions/1.9.3-p429/lib'      -lruby-static  -lpthread -ldl -lobjc "
Undefined symbols for architecture x86_64:
  "_rb_gc_total_mallocs", referenced from:
      _t in ccT6Fvqa.o
ld: symbol(s) not found for architecture x86_64
collect2: ld returned 1 exit status
checked program was:
/* begin */
 1: #include "ruby.h"
 2: 
 3: /*top*/
 4: int t() { rb_gc_total_mallocs(); return 0; }
 5: int main(int argc, char **argv)
 6: {
 7:   if (argc > 1000000) {
 8:     printf("%p", &t);
 9:   }
10: 
11:   return 0;
12: }
/* end */

--------------------

have_func: checking for rb_gc_total_malloced_bytes()... -------------------- no

"gcc -o conftest -I/Users/Ruben/.rbenv/versions/1.9.3-p429/include/ruby-1.9.1/x86_64-darwin11.4.2 -I/Users/Ruben/.rbenv/versions/1.9.3-p429/include/ruby-1.9.1/ruby/backward -I/Users/Ruben/.rbenv/versions/1.9.3-p429/include/ruby-1.9.1 -I. -I'/Users/Ruben/.rbenv/versions/1.9.3-p429/include'  -D_XOPEN_SOURCE -D_DARWIN_C_SOURCE  -I'/Users/Ruben/.rbenv/versions/1.9.3-p429/include'   -O3 -Wno-error=shorten-64-to-32  -pipe conftest.c  -L. -L/Users/Ruben/.rbenv/versions/1.9.3-p429/lib -L. -L'/Users/Ruben/.rbenv/versions/1.9.3-p429/lib'      -lruby-static  -lpthread -ldl -lobjc "
conftest.c: In function ‘t’:
conftest.c:4: error: ‘rb_gc_total_malloced_bytes’ undeclared (first use in this function)
conftest.c:4: error: (Each undeclared identifier is reported only once
conftest.c:4: error: for each function it appears in.)
checked program was:
/* begin */
 1: #include "ruby.h"
 2: 
 3: /*top*/
 4: int t() { void ((*volatile p)()); p = (void ((*)()))rb_gc_total_malloced_bytes; return 0; }
 5: int main(int argc, char **argv)
 6: {
 7:   if (argc > 1000000) {
 8:     printf("%p", &t);
 9:   }
10: 
11:   return 0;
12: }
/* end */

"gcc -o conftest -I/Users/Ruben/.rbenv/versions/1.9.3-p429/include/ruby-1.9.1/x86_64-darwin11.4.2 -I/Users/Ruben/.rbenv/versions/1.9.3-p429/include/ruby-1.9.1/ruby/backward -I/Users/Ruben/.rbenv/versions/1.9.3-p429/include/ruby-1.9.1 -I. -I'/Users/Ruben/.rbenv/versions/1.9.3-p429/include'  -D_XOPEN_SOURCE -D_DARWIN_C_SOURCE  -I'/Users/Ruben/.rbenv/versions/1.9.3-p429/include'   -O3 -Wno-error=shorten-64-to-32  -pipe conftest.c  -L. -L/Users/Ruben/.rbenv/versions/1.9.3-p429/lib -L. -L'/Users/Ruben/.rbenv/versions/1.9.3-p429/lib'      -lruby-static  -lpthread -ldl -lobjc "
Undefined symbols for architecture x86_64:
  "_rb_gc_total_malloced_bytes", referenced from:
      _t in cc0BXG9L.o
ld: symbol(s) not found for architecture x86_64
collect2: ld returned 1 exit status
checked program was:
/* begin */
 1: #include "ruby.h"
 2: 
 3: /*top*/
 4: int t() { rb_gc_total_malloced_bytes(); return 0; }
 5: int main(int argc, char **argv)
 6: {
 7:   if (argc > 1000000) {
 8:     printf("%p", &t);
 9:   }
10: 
11:   return 0;
12: }
/* end */

--------------------

have_func: checking for rb_heap_total_mem()... -------------------- no

"gcc -o conftest -I/Users/Ruben/.rbenv/versions/1.9.3-p429/include/ruby-1.9.1/x86_64-darwin11.4.2 -I/Users/Ruben/.rbenv/versions/1.9.3-p429/include/ruby-1.9.1/ruby/backward -I/Users/Ruben/.rbenv/versions/1.9.3-p429/include/ruby-1.9.1 -I. -I'/Users/Ruben/.rbenv/versions/1.9.3-p429/include'  -D_XOPEN_SOURCE -D_DARWIN_C_SOURCE  -I'/Users/Ruben/.rbenv/versions/1.9.3-p429/include'   -O3 -Wno-error=shorten-64-to-32  -pipe conftest.c  -L. -L/Users/Ruben/.rbenv/versions/1.9.3-p429/lib -L. -L'/Users/Ruben/.rbenv/versions/1.9.3-p429/lib'      -lruby-static  -lpthread -ldl -lobjc "
conftest.c: In function ‘t’:
conftest.c:4: error: ‘rb_heap_total_mem’ undeclared (first use in this function)
conftest.c:4: error: (Each undeclared identifier is reported only once
conftest.c:4: error: for each function it appears in.)
checked program was:
/* begin */
 1: #include "ruby.h"
 2: 
 3: /*top*/
 4: int t() { void ((*volatile p)()); p = (void ((*)()))rb_heap_total_mem; return 0; }
 5: int main(int argc, char **argv)
 6: {
 7:   if (argc > 1000000) {
 8:     printf("%p", &t);
 9:   }
10: 
11:   return 0;
12: }
/* end */

"gcc -o conftest -I/Users/Ruben/.rbenv/versions/1.9.3-p429/include/ruby-1.9.1/x86_64-darwin11.4.2 -I/Users/Ruben/.rbenv/versions/1.9.3-p429/include/ruby-1.9.1/ruby/backward -I/Users/Ruben/.rbenv/versions/1.9.3-p429/include/ruby-1.9.1 -I. -I'/Users/Ruben/.rbenv/versions/1.9.3-p429/include'  -D_XOPEN_SOURCE -D_DARWIN_C_SOURCE  -I'/Users/Ruben/.rbenv/versions/1.9.3-p429/include'   -O3 -Wno-error=shorten-64-to-32  -pipe conftest.c  -L. -L/Users/Ruben/.rbenv/versions/1.9.3-p429/lib -L. -L'/Users/Ruben/.rbenv/versions/1.9.3-p429/lib'      -lruby-static  -lpthread -ldl -lobjc "
Undefined symbols for architecture x86_64:
  "_rb_heap_total_mem", referenced from:
      _t in ccGkJMJC.o
ld: symbol(s) not found for architecture x86_64
collect2: ld returned 1 exit status
checked program was:
/* begin */
 1: #include "ruby.h"
 2: 
 3: /*top*/
 4: int t() { rb_heap_total_mem(); return 0; }
 5: int main(int argc, char **argv)
 6: {
 7:   if (argc > 1000000) {
 8:     printf("%p", &t);
 9:   }
10: 
11:   return 0;
12: }
/* end */

--------------------

have_func: checking for rb_gc_heap_info()... -------------------- no

"gcc -o conftest -I/Users/Ruben/.rbenv/versions/1.9.3-p429/include/ruby-1.9.1/x86_64-darwin11.4.2 -I/Users/Ruben/.rbenv/versions/1.9.3-p429/include/ruby-1.9.1/ruby/backward -I/Users/Ruben/.rbenv/versions/1.9.3-p429/include/ruby-1.9.1 -I. -I'/Users/Ruben/.rbenv/versions/1.9.3-p429/include'  -D_XOPEN_SOURCE -D_DARWIN_C_SOURCE  -I'/Users/Ruben/.rbenv/versions/1.9.3-p429/include'   -O3 -Wno-error=shorten-64-to-32  -pipe conftest.c  -L. -L/Users/Ruben/.rbenv/versions/1.9.3-p429/lib -L. -L'/Users/Ruben/.rbenv/versions/1.9.3-p429/lib'      -lruby-static  -lpthread -ldl -lobjc "
conftest.c: In function ‘t’:
conftest.c:4: error: ‘rb_gc_heap_info’ undeclared (first use in this function)
conftest.c:4: error: (Each undeclared identifier is reported only once
conftest.c:4: error: for each function it appears in.)
checked program was:
/* begin */
 1: #include "ruby.h"
 2: 
 3: /*top*/
 4: int t() { void ((*volatile p)()); p = (void ((*)()))rb_gc_heap_info; return 0; }
 5: int main(int argc, char **argv)
 6: {
 7:   if (argc > 1000000) {
 8:     printf("%p", &t);
 9:   }
10: 
11:   return 0;
12: }
/* end */

"gcc -o conftest -I/Users/Ruben/.rbenv/versions/1.9.3-p429/include/ruby-1.9.1/x86_64-darwin11.4.2 -I/Users/Ruben/.rbenv/versions/1.9.3-p429/include/ruby-1.9.1/ruby/backward -I/Users/Ruben/.rbenv/versions/1.9.3-p429/include/ruby-1.9.1 -I. -I'/Users/Ruben/.rbenv/versions/1.9.3-p429/include'  -D_XOPEN_SOURCE -D_DARWIN_C_SOURCE  -I'/Users/Ruben/.rbenv/versions/1.9.3-p429/include'   -O3 -Wno-error=shorten-64-to-32  -pipe conftest.c  -L. -L/Users/Ruben/.rbenv/versions/1.9.3-p429/lib -L. -L'/Users/Ruben/.rbenv/versions/1.9.3-p429/lib'      -lruby-static  -lpthread -ldl -lobjc "
Undefined symbols for architecture x86_64:
  "_rb_gc_heap_info", referenced from:
      _t in ccF47MoZ.o
ld: symbol(s) not found for architecture x86_64
collect2: ld returned 1 exit status
checked program was:
/* begin */
 1: #include "ruby.h"
 2: 
 3: /*top*/
 4: int t() { rb_gc_heap_info(); return 0; }
 5: int main(int argc, char **argv)
 6: {
 7:   if (argc > 1000000) {
 8:     printf("%p", &t);
 9:   }
10: 
11:   return 0;
12: }
/* end */

--------------------

